| distributed init (rank 0): env://
Creating model
load checkpoint from data/zh/cub/checkpoint_best.pth
missing_keys:  []
unexpected_keys:  []
### Total Params:  213959547
Creating retrieval dataset
### output_dir,  data/zh/cub/
Start evaluating
### be careful: func create_loader returns a list length of 1
Computing features for evaluation...
Evaluation: [ 0/10]  eta: 0:00:00    time: 0.0279  data: 0.0001  max mem: 1837
Evaluation: [ 9/10]  eta: 0:00:00    time: 0.0132  data: 0.0000  max mem: 1837
Evaluation: Total time: 0:00:00 (0.0135 s / it)
Evaluation: [ 0/10]  eta: 0:00:00    time: 0.0131  data: 0.0000  max mem: 1837
Evaluation: [ 9/10]  eta: 0:00:00    time: 0.0118  data: 0.0000  max mem: 1837
Evaluation: Total time: 0:00:00 (0.0118 s / it)
Evaluation time 0:00:01
Saved ranks to  data/zh/cub/eval_ranks_i2t.pkl
Saved ranks to  data/zh/cub/eval_ranks_t2i.pkl
{'txt_r1': 60.0, 'txt_r5': 80.0, 'txt_r10': 100.0, 'txt_r_mean': 80.0, 'img_r1': 50.0, 'img_r5': 80.0, 'img_r10': 100.0, 'img_r_mean': 76.66666666666667, 'r_mean': 78.33333333333334}
### Time 0:00:01
NNODES,  1
NPROC_PER_NODE,  8
MASTER_ADDR,  SET_IT
MASTER_PORT,  12345
NODE_RANK,  0
### warning: the settings for distributed training is not filled (ignore this if you only use one node)
### warning: you have not set the path to hadoop_bin (ignore this if you don't use HDFS)
/home/mbiriuk/X-VLM
data/zh/cub/checkpoint_best.pth
